<?xml version="1.0" encoding="UTF-8" ?>
<testsuites disabled="0" errors="0" failures="1" tests="4" time="18.055">
 <testsuite name="demo calculator tests" timestamp="2020-07-13T01:27:46" hostname="localhost" time="18.055" errors="0" tests="4" skipped="0" disabled="0" failures="1">
  <testcase classname="demo calculator tests" name="addition test" time="5.225" />
  <testcase classname="demo calculator tests" name="Subtraction test" time="3.125">
   <failure type="exception" message="Failed: No element found using locator: by.cssContainingText(&quot;.ng-binding&quot;, &quot;9&quot;)"><![CDATA[NoSuchElementError: No element found using locator: by.cssContainingText(".ng-binding", "9")
    at /usr/local/lib/node_modules/protractor/built/element.js:814:27
    at ManagedPromise.invokeCallback_ (/usr/local/lib/node_modules/protractor/node_modules/selenium-webdriver/lib/promise.js:1376:14)
    at TaskQueue.execute_ (/usr/local/lib/node_modules/protractor/node_modules/selenium-webdriver/lib/promise.js:3084:14)
    at TaskQueue.executeNext_ (/usr/local/lib/node_modules/protractor/node_modules/selenium-webdriver/lib/promise.js:3067:27)
    at /usr/local/lib/node_modules/protractor/node_modules/selenium-webdriver/lib/promise.js:2927:27
    at /usr/local/lib/node_modules/protractor/node_modules/selenium-webdriver/lib/promise.js:668:7
    at processTicksAndRejections (internal/process/task_queues.js:97:5)Error
    at ElementArrayFinder.applyAction_ (/usr/local/lib/node_modules/protractor/built/element.js:459:27)
    at ElementArrayFinder.<computed> [as getText] (/usr/local/lib/node_modules/protractor/built/element.js:91:29)
    at ElementFinder.<computed> [as getText] (/usr/local/lib/node_modules/protractor/built/element.js:831:22)
    at homepage.verifyResult (/Users/pradeepyadav/Downloads/AM-Projects/ProtractorDemo/pages/homepage.js:26:23)
    at UserContext.<anonymous> (/Users/pradeepyadav/Downloads/AM-Projects/ProtractorDemo/tests/calculator.js:44:18)
    at /usr/local/lib/node_modules/protractor/node_modules/jasminewd2/index.js:112:25
    at new ManagedPromise (/usr/local/lib/node_modules/protractor/node_modules/selenium-webdriver/lib/promise.js:1077:7)
    at ControlFlow.promise (/usr/local/lib/node_modules/protractor/node_modules/selenium-webdriver/lib/promise.js:2505:12)
    at schedulerExecute (/usr/local/lib/node_modules/protractor/node_modules/jasminewd2/index.js:95:18)
    at TaskQueue.execute_ (/usr/local/lib/node_modules/protractor/node_modules/selenium-webdriver/lib/promise.js:3084:14)
From: Task: Run it("Subtraction test") in control flow
    at UserContext.<anonymous> (/usr/local/lib/node_modules/protractor/node_modules/jasminewd2/index.js:94:19)
    at attempt (/usr/local/lib/node_modules/protractor/node_modules/jasmine-core/lib/jasmine-core/jasmine.js:4297:26)
    at QueueRunner.run (/usr/local/lib/node_modules/protractor/node_modules/jasmine-core/lib/jasmine-core/jasmine.js:4217:20)
    at QueueRunner.execute (/usr/local/lib/node_modules/protractor/node_modules/jasmine-core/lib/jasmine-core/jasmine.js:4199:10)
    at Spec.queueRunnerFactory (/usr/local/lib/node_modules/protractor/node_modules/jasmine-core/lib/jasmine-core/jasmine.js:909:35)
    at Spec.execute (/usr/local/lib/node_modules/protractor/node_modules/jasmine-core/lib/jasmine-core/jasmine.js:526:10)
    at UserContext.fn (/usr/local/lib/node_modules/protractor/node_modules/jasmine-core/lib/jasmine-core/jasmine.js:5340:37)
    at attempt (/usr/local/lib/node_modules/protractor/node_modules/jasmine-core/lib/jasmine-core/jasmine.js:4297:26)
    at QueueRunner.run (/usr/local/lib/node_modules/protractor/node_modules/jasmine-core/lib/jasmine-core/jasmine.js:4217:20)
    at runNext (/usr/local/lib/node_modules/protractor/node_modules/jasmine-core/lib/jasmine-core/jasmine.js:4257:20)
From asynchronous test: 
Error
    at Suite.<anonymous> (/Users/pradeepyadav/Downloads/AM-Projects/ProtractorDemo/tests/calculator.js:29:5)
    at addSpecsToSuite (/usr/local/lib/node_modules/protractor/node_modules/jasmine-core/lib/jasmine-core/jasmine.js:1107:25)
    at Env.describe (/usr/local/lib/node_modules/protractor/node_modules/jasmine-core/lib/jasmine-core/jasmine.js:1074:7)
    at describe (/usr/local/lib/node_modules/protractor/node_modules/jasmine-core/lib/jasmine-core/jasmine.js:4399:18)
    at Object.<anonymous> (/Users/pradeepyadav/Downloads/AM-Projects/ProtractorDemo/tests/calculator.js:4:1)
    at Module._compile (internal/modules/cjs/loader.js:1138:30)
    at Object.Module._extensions..js (internal/modules/cjs/loader.js:1158:10)
    at Module.load (internal/modules/cjs/loader.js:986:32)
    at Function.Module._load (internal/modules/cjs/loader.js:879:14)]]>
   </failure>
  </testcase>
  <testcase classname="demo calculator tests" name="Multiplication test" time="5.549" />
  <testcase classname="demo calculator tests" name="DIVISION test" time="4.153" />
 </testsuite>
</testsuites>